1288885485	admin	No.54の記事を編集しました。	p9008-adsao12honb5-acca.tokyo.ocn.ne.jp
1288885417	admin	No.51の記事を編集しました。	p9008-adsao12honb5-acca.tokyo.ocn.ne.jp
1288885406	admin	記事を新規に投稿しました。	p9008-adsao12honb5-acca.tokyo.ocn.ne.jp
1284470135	admin	No.6の記事を編集しました。	p12164-adsao12honb5-acca.tokyo.ocn.ne.jp
1284470081	admin	記事を新規に投稿しました。	p12164-adsao12honb5-acca.tokyo.ocn.ne.jp
1284470018	admin	記事を新規に投稿しました。	p12164-adsao12honb5-acca.tokyo.ocn.ne.jp
1279816308	admin	記事を新規に投稿しました。	p46060-adsau12honb6-acca.tokyo.ocn.ne.jp
1279809951	admin	No.28の記事を編集しました。	p46060-adsau12honb6-acca.tokyo.ocn.ne.jp
1279809618	admin	No.6の記事を編集しました。	p46060-adsau12honb6-acca.tokyo.ocn.ne.jp
1273341605	admin	No.50の記事を編集しました。	p10252-adsao12honb5-acca.tokyo.ocn.ne.jp
1273341575	admin	No.6の記事を編集しました。	p10252-adsao12honb5-acca.tokyo.ocn.ne.jp
1273341554	admin	記事を新規に投稿しました。	p10252-adsao12honb5-acca.tokyo.ocn.ne.jp
1272458523	admin	No.6の記事を編集しました。	p10252-adsao12honb5-acca.tokyo.ocn.ne.jp
1272458338	admin	記事を新規に投稿しました。	p10252-adsao12honb5-acca.tokyo.ocn.ne.jp
1266917911	admin	記事を新規に投稿しました。	p6086-adsao12honb5-acca.tokyo.ocn.ne.jp
1266917900	admin	No.6の記事を編集しました。	p6086-adsao12honb5-acca.tokyo.ocn.ne.jp
1266917752	admin	No.6の記事を編集しました。	p6086-adsao12honb5-acca.tokyo.ocn.ne.jp
1266917720	admin	No.6の記事を編集しました。	p6086-adsao12honb5-acca.tokyo.ocn.ne.jp
1266917645	admin	記事を新規に投稿しました。	p6086-adsao12honb5-acca.tokyo.ocn.ne.jp
1263824993	admin	No.6の記事を編集しました。	p34195-adsao12honb5-acca.tokyo.ocn.ne.jp
1263824970	admin	記事を新規に投稿しました。	p34195-adsao12honb5-acca.tokyo.ocn.ne.jp
1262850309	admin	No.6の記事を編集しました。	p34195-adsao12honb5-acca.tokyo.ocn.ne.jp
1260558068	admin	記事を新規に投稿しました。	p34195-adsao12honb5-acca.tokyo.ocn.ne.jp
1259155801	admin	記事を新規に投稿しました。	p34195-adsao12honb5-acca.tokyo.ocn.ne.jp
1258827020	admin	記事を新規に投稿しました。	p34195-adsao12honb5-acca.tokyo.ocn.ne.jp
1258375168	admin	記事を新規に投稿しました。	p34195-adsao12honb5-acca.tokyo.ocn.ne.jp
1258375105	admin	No.40の記事を編集しました。	p34195-adsao12honb5-acca.tokyo.ocn.ne.jp
1258354897	admin	No.6の記事を編集しました。	p34195-adsao12honb5-acca.tokyo.ocn.ne.jp
1258353744	admin	No.41の記事を編集しました。	p34195-adsao12honb5-acca.tokyo.ocn.ne.jp
1258353677	admin	No.41の記事を編集しました。	p34195-adsao12honb5-acca.tokyo.ocn.ne.jp
1258353589	admin	No.41の記事を編集しました。	p34195-adsao12honb5-acca.tokyo.ocn.ne.jp
1258353570	admin	記事を新規に投稿しました。	p34195-adsao12honb5-acca.tokyo.ocn.ne.jp
1257363439	admin	記事を新規に投稿しました。	p17191-adsao12honb5-acca.tokyo.ocn.ne.jp
1257197466	admin	記事を新規に投稿しました。	p17191-adsao12honb5-acca.tokyo.ocn.ne.jp
1257084562	admin	記事を新規に投稿しました。	p17191-adsao12honb5-acca.tokyo.ocn.ne.jp
1256763275	admin	記事を新規に投稿しました。	p17191-adsao12honb5-acca.tokyo.ocn.ne.jp
1256486388	admin	No.23の記事を編集しました。	p17191-adsao12honb5-acca.tokyo.ocn.ne.jp
1256486239	admin	記事を新規に投稿しました。	p17191-adsao12honb5-acca.tokyo.ocn.ne.jp
1256146436	admin	No.35の記事を編集しました。	p17191-adsao12honb5-acca.tokyo.ocn.ne.jp
1256146386	admin	記事を新規に投稿しました。	p17191-adsao12honb5-acca.tokyo.ocn.ne.jp
1256145914	admin	No.24の記事を編集しました。	p17191-adsao12honb5-acca.tokyo.ocn.ne.jp
1256048050	admin	記事を新規に投稿しました。	p17191-adsao12honb5-acca.tokyo.ocn.ne.jp
1256047745	admin	No.6の記事を編集しました。	p17191-adsao12honb5-acca.tokyo.ocn.ne.jp
1256047680	admin	記事を新規に投稿しました。	p17191-adsao12honb5-acca.tokyo.ocn.ne.jp
1255794044	admin	No.29の記事を編集しました。	p17191-adsao12honb5-acca.tokyo.ocn.ne.jp
1255794002	admin	No.30の記事を編集しました。	p17191-adsao12honb5-acca.tokyo.ocn.ne.jp
1255793952	admin	No.27の記事を編集しました。	p17191-adsao12honb5-acca.tokyo.ocn.ne.jp
1255793929	admin	記事を新規に投稿しました。	p17191-adsao12honb5-acca.tokyo.ocn.ne.jp
1255691293	admin	環境設定を実行しました。	p17191-adsao12honb5-acca.tokyo.ocn.ne.jp
1255691065	admin	記事を新規に投稿しました。	p17191-adsao12honb5-acca.tokyo.ocn.ne.jp
