201012312214	53		0		admin
201012010000	6		1		admin
201011050042	54		1	メール送信履歴	admin
201009142212	52		1		admin
201007230119	51		1	メール送信履歴	admin
201005090258	50		1	メール送信履歴	admin
201004282136	49		1	★	admin
201002231836	48		1	進行状況	admin
201002231831	47		1	★	admin
201001182328	46		1	★	admin
200912120400	45		1	メール送信履歴	admin
200911252229	44		1	メール送信履歴	admin
200911220306	43		1	WEB関連	admin
200911162138	42		1		admin
200911150000	41		1	内容について	admin
200911050435	40		1	メール送信履歴	admin
200911030620	39		1	進行状況	admin
200911012306	38		1	進行状況	admin
200910290551	37		1	進行状況	admin
200910260052	36		1	進行状況	admin
200910202312	34		1	WEB関連	admin
200910202306	33		1	メール送信履歴	admin
200910180037	32		1	メール送信履歴	admin
200910162002	31		1	WEB関連	admin
200910100800	30		1	メール送信履歴	admin
200910100720	29		1	メール送信履歴	admin
200910040116	28		1	WEB関連	admin
200910012245	27		1	メール送信履歴	admin
200910010428	23		1	原稿受付に関して	admin
200910010427	24		1	原稿受付に関して	admin
200910010427	35		1	原稿受付に関して	admin
200910010426	25		1	原稿受付に関して	admin
200910010425	26		1	原稿受付に関して	admin
200909300059	22		1	WEB関連	admin
200909252305	21		1	メール送信履歴	admin
200909232322	20		1	メール送信履歴	admin
200909232158	19		1	原稿作成に関して	admin
200909232102	17		1	Q &amp; A	admin
200909152114	16		1	原稿作成に関して	admin
200909152053	13		1	内容について	admin
200909130103	11		1	内容について	admin
200909130052	10		1	進行状況	admin
200909060048	9		1	原稿作成に関して	admin
200909032131	8		1	Q &amp; A	admin
200908310000	5		1	内容について	admin
200908180002	15		1	内容について	admin
200908180001	14		1	内容について	admin
200908180000	3		1	内容について	admin
200908180000	4		1	メール送信履歴	admin
200908070000	2		1	メール送信履歴	admin
200908010000	7		1	★	admin
